Sender: LSF System <lsfadmin@ln06>
Subject: Job 15670821: <#BSUB -q gpuqueue;#BSUB -o %J.stdout;#BSUB -gpu "num=1:j_exclusive=yes";#BSUB -R "rusage[mem=5] span[ptile=1]";#BSUB -W 0:10;#BSUB -n 1; python run.py \;    --hidden_features $hidden_features \;    --learning_rate $learning_rate \;    --num_heads $num_heads \;    --depth $depth \;    --n_samples $n_samples \;    --weight_decay $weight_decay \; python upload.py> in cluster <lila> Done

Job <#BSUB -q gpuqueue;#BSUB -o %J.stdout;#BSUB -gpu "num=1:j_exclusive=yes";#BSUB -R "rusage[mem=5] span[ptile=1]";#BSUB -W 0:10;#BSUB -n 1; python run.py \;    --hidden_features $hidden_features \;    --learning_rate $learning_rate \;    --num_heads $num_heads \;    --depth $depth \;    --n_samples $n_samples \;    --weight_decay $weight_decay \; python upload.py> was submitted from host <lilac-ln02> by user <wangy1> in cluster <lila> at Thu Mar 23 09:43:33 2023
Job was executed on host(s) <ln06>, in queue <gpuqueue>, as user <wangy1> in cluster <lila> at Thu Mar 23 09:43:34 2023
</home/wangy1> was used as the home directory.
</data/chodera/wangyq/bronx/scripts/planetoid> was used as the working directory.
Started at Thu Mar 23 09:43:34 2023
Terminated at Thu Mar 23 09:44:57 2023
Results reported at Thu Mar 23 09:44:57 2023

Your job looked like:

------------------------------------------------------------
# LSBATCH: User input
#BSUB -q gpuqueue
#BSUB -o %J.stdout
#BSUB -gpu "num=1:j_exclusive=yes"
#BSUB -R "rusage[mem=5] span[ptile=1]"
#BSUB -W 0:10
#BSUB -n 1

python run.py \
    --hidden_features $hidden_features \
    --learning_rate $learning_rate \
    --num_heads $num_heads \
    --depth $depth \
    --n_samples $n_samples \
    --weight_decay $weight_decay \

python upload.py


------------------------------------------------------------

Successfully completed.

Resource usage summary:

    CPU time :                                   81.00 sec.
    Max Memory :                                 3 GB
    Average Memory :                             2.57 GB
    Total Requested Memory :                     5.00 GB
    Delta Memory :                               2.00 GB
    Max Swap :                                   -
    Max Processes :                              5
    Max Threads :                                12
    Run time :                                   84 sec.
    Turnaround time :                            84 sec.

The output (if any) follows:

Namespace(data='cora', hidden_features=32, learning_rate=0.001, depth=2, residual=1, weight_decay=1e-08, n_samples=1, num_heads=1, scale=1.0)
  NumNodes: 2708
  NumEdges: 10556
  NumFeats: 1433
  NumClasses: 7
  NumTrainingSamples: 140
  NumValidationSamples: 500
  NumTestSamples: 1000
Done loading data from cached files.
0.184
0.248
0.256
0.266
0.26
0.242
0.224
0.202
0.182
0.19
0.214
0.2
0.188
0.18
0.184
0.174
0.178
0.18
0.188
0.174
0.178
0.178
0.172
0.18
0.176
0.182
0.174
0.172
0.168
0.18
0.188
0.174
0.174
0.168
0.17
0.172
0.168
0.174
0.168
0.172
0.174
0.168
0.174
0.168
0.166
0.178
0.18
0.17
0.168
0.17
0.166
0.174
0.174
0.168
0.18
0.182
0.19
0.192
0.204
0.242
0.266
0.298
0.338
0.334
0.346
0.342
0.35
0.332
0.306
0.298
0.286
0.29
0.25
0.23
0.222
0.198
0.208
0.206
0.208
0.206
0.206
0.204
0.202
0.206
0.206
0.204
0.206
0.206
0.206
0.206
0.208
0.21
0.204
0.206
0.204
0.204
0.206
0.202
0.204
0.202
0.35 0.338
